<?xml version="1.0" encoding="UTF-8"?>
<testng-results ignored="0" total="2" passed="2" failed="0" skipped="0">
  <reporter-output>
  </reporter-output>
  <suite started-at="2019-01-29T17:46:10Z" name="Default suite" finished-at="2019-01-29T17:46:43Z" duration-ms="32736">
    <groups>
      <group name="cucumber">
        <method signature="AbstractTestNGCucumberTests.runScenario(cucumber.api.testng.PickleEventWrapper, cucumber.api.testng.CucumberFeatureWrapper)[pri:0, instance:cucumber1.Test01Runner@12e61fe6]" name="runScenario" class="cucumber.api.testng.AbstractTestNGCucumberTests"/>
      </group> <!-- cucumber -->
    </groups>
    <test started-at="2019-01-29T17:46:10Z" name="Default test" finished-at="2019-01-29T17:46:43Z" duration-ms="32736">
      <class name="cucumber1.Test01Runner">
        <test-method is-config="true" signature="Setup()[pri:0, instance:cucumber1.Test01Runner@12e61fe6]" started-at="2019-01-29T17:46:10Z" name="Setup" finished-at="2019-01-29T17:46:25Z" duration-ms="15481" status="PASS">
          <reporter-output>
          </reporter-output>
        </test-method> <!-- Setup -->
        <test-method is-config="true" signature="setUpClass()[pri:0, instance:cucumber1.Test01Runner@12e61fe6]" started-at="2019-01-29T17:46:26Z" name="setUpClass" finished-at="2019-01-29T17:46:26Z" duration-ms="828" status="PASS">
          <reporter-output>
          </reporter-output>
        </test-method> <!-- setUpClass -->
        <test-method is-config="true" signature="reset()[pri:0, instance:cucumber1.Test01Runner@12e61fe6]" started-at="2019-01-29T17:46:27Z" name="reset" finished-at="2019-01-29T17:46:31Z" duration-ms="4091" status="PASS">
          <reporter-output>
          </reporter-output>
        </test-method> <!-- reset -->
        <test-method signature="runScenario(cucumber.api.testng.PickleEventWrapper, cucumber.api.testng.CucumberFeatureWrapper)[pri:0, instance:cucumber1.Test01Runner@12e61fe6]" started-at="2019-01-29T17:46:31Z" name="runScenario" description="Runs Cucumber Scenarios" data-provider="scenarios" finished-at="2019-01-29T17:46:37Z" duration-ms="6108" status="PASS">
          <params>
            <param index="0">
              <value>
                <![CDATA["Get and Search on google"]]>
              </value>
            </param>
            <param index="1">
              <value>
                <![CDATA["Search on google"]]>
              </value>
            </param>
          </params>
          <reporter-output>
          </reporter-output>
        </test-method> <!-- runScenario -->
        <test-method is-config="true" signature="reset()[pri:0, instance:cucumber1.Test01Runner@12e61fe6]" started-at="2019-01-29T17:46:37Z" name="reset" finished-at="2019-01-29T17:46:38Z" duration-ms="1040" status="PASS">
          <reporter-output>
          </reporter-output>
        </test-method> <!-- reset -->
        <test-method signature="runScenario(cucumber.api.testng.PickleEventWrapper, cucumber.api.testng.CucumberFeatureWrapper)[pri:0, instance:cucumber1.Test01Runner@12e61fe6]" started-at="2019-01-29T17:46:38Z" name="runScenario" description="Runs Cucumber Scenarios" data-provider="scenarios" finished-at="2019-01-29T17:46:41Z" duration-ms="3523" status="PASS">
          <params>
            <param index="0">
              <value>
                <![CDATA["Get and Search on google"]]>
              </value>
            </param>
            <param index="1">
              <value>
                <![CDATA["Search on google"]]>
              </value>
            </param>
          </params>
          <reporter-output>
          </reporter-output>
        </test-method> <!-- runScenario -->
        <test-method is-config="true" signature="tearDownClass()[pri:0, instance:cucumber1.Test01Runner@12e61fe6]" started-at="2019-01-29T17:46:41Z" name="tearDownClass" finished-at="2019-01-29T17:46:42Z" duration-ms="483" status="PASS">
          <reporter-output>
          </reporter-output>
        </test-method> <!-- tearDownClass -->
        <test-method is-config="true" signature="cleanUp()[pri:0, instance:cucumber1.Test01Runner@12e61fe6]" started-at="2019-01-29T17:46:42Z" name="cleanUp" finished-at="2019-01-29T17:46:43Z" duration-ms="774" status="PASS">
          <reporter-output>
          </reporter-output>
        </test-method> <!-- cleanUp -->
      </class> <!-- cucumber1.Test01Runner -->
    </test> <!-- Default test -->
  </suite> <!-- Default suite -->
</testng-results>
